<?xml version="1.0" encoding="UTF-8"?>
<!-- Generated by org.testng.reporters.JUnitReportReporter -->
<testsuite hostname="Sagar" failures="0" tests="1" name="allAutomationScripts.HandleDropDowns" time="17.678" errors="0" timestamp="2023-07-31T08:55:57 IST" skipped="0">
  <testcase classname="allAutomationScripts.HandleDropDowns" name="dropdowmbyselectclass" time="17.678"/>
  <system-out/>
</testsuite> <!-- allAutomationScripts.HandleDropDowns -->
