<?xml version="1.0" encoding="UTF-8"?>
<!-- Generated by org.testng.reporters.JUnitReportReporter -->
<testsuite hostname="Sagar" failures="0" tests="1" name="MyRunner.TestRunner" time="0.000" errors="0" timestamp="23 Jul 2023 15:08:34 GMT" skipped="1">
  <testcase classname="MyRunner.TestRunner" name="feature" time="0.000">
    <skipped/>
  </testcase> <!-- feature -->
</testsuite> <!-- MyRunner.TestRunner -->
